2022.05.25 15:04:21 Носов Петрушка Евгеньевич авторизовался в системе.
2022.05.25 15:16:10 Носов Петрушка Евгеньевич вышел из системы.
2022.05.25 15:16:35 Носов Петрушка Евгеньевич авторизовался в системе.
2022.05.25 15:27:23 Носов Петрушка Евгеньевич удалил разрешение № 373
2022.05.25 15:29:08 Носов Петрушка Евгеньевич создал разрешение № 375
2022.05.25 16:02:00 Носов Петрушка Евгеньевич вышел из системы  
2022.05.25 16:02:14 Дмитрий Чухломин Валерьевич авторизовался в системе  
2022.05.25 16:02:19 Дмитрий Чухломин Валерьевич вышел из системы  
2022.05.25 16:02:35 Носов Петрушка Евгеньевич авторизовался в системе  
2022.05.25 16:02:54 Носов Петрушка Евгеньевич создал разрешение № 376 
2022.05.25 16:03:00 Носов Петрушка Евгеньевич удалил разрешение № 376 
2022.05.25 16:03:02 Носов Петрушка Евгеньевич создал разрешение № 377 
2022.05.25 16:03:07 Носов Петрушка Евгеньевич изменил статус разрешения № 377 на ''
2022.05.25 16:03:10 Носов Петрушка Евгеньевич изменил статус разрешения № 377 на ''
2022.05.25 16:03:13 Носов Петрушка Евгеньевич вышел из системы  
2022.05.25 16:03:19 Иван Иванов Иванович авторизовался в системе  
2022.05.25 16:04:29 Иван Иванов Иванович вышел из системы  
2022.05.25 16:04:39 Дмитрий Игнетьев Дмитриевич авторизовался в системе  
2022.05.25 16:13:23 Дмитрий Игнетьев Дмитриевич вышел из системы  
2022.05.25 16:13:32 Носов Петрушка Евгеньевич авторизовался в системе  
2022.05.25 16:15:55 Носов Петрушка Евгеньевич изменил статус разрешения № 375 на 'Согласование'
2022.05.25 16:16:12 Носов Петрушка Евгеньевич изменил статус разрешения № 375 на 'Создание'
2022.05.25 16:21:30 Носов Петрушка Евгеньевич выгрузил в pdf разрешение № 377 
2022.05.25 16:21:46 Носов Петрушка Евгеньевич вышел из системы  
2022.05.25 16:21:51 Иван Иванов Иванович авторизовался в системе  
2022.05.25 16:21:55 Иван Иванов Иванович выгрузил в scv разрешение № 377  
2022.05.25 16:22:55 Иван Иванов Иванович вышел из системы  
2022.05.25 16:23:00 Носов Петрушка Евгеньевич авторизовался в системе  
2022.05.25 16:23:04 Носов Петрушка Евгеньевич изменил статус разрешения № 374 на 'Согласование'
2022.05.25 16:23:08 Носов Петрушка Евгеньевич изменил статус разрешения № 374 на 'Утверждено'
2022.05.25 16:23:09 Носов Петрушка Евгеньевич вышел из системы  
2022.05.25 16:23:15 Иван Иванов Иванович авторизовался в системе  
2022.05.25 16:23:23 Иван Иванов Иванович выгрузил в scv разрешения № 374, № 377,  
2022.05.25 16:24:59 Иван Иванов Иванович выгрузил в scv разрешения №374№377 
2022.05.25 16:25:31 Иван Иванов Иванович выгрузил в scv разрешения №374 №377  
2022.05.25 16:26:38 Иван Иванов Иванович вышел из системы  
2022.05.25 16:30:17 Носов Петрушка Евгеньевич авторизовался в системе  
2022.05.25 16:30:21 Носов Петрушка Евгеньевич выгрузил в pdf разрешение №374 
2022.05.25 16:48:32 Носов Петрушка Евгеньевич выгрузил в pdf разрешение №375 
2022.05.25 16:49:08 Носов Петрушка Евгеньевич выгрузил в pdf разрешение №375 
2022.05.25 17:00:23 Носов Петрушка Евгеньевич выгрузил в pdf разрешение №375 
2022.05.25 17:01:17 Носов Петрушка Евгеньевич выгрузил в pdf разрешение №375 
2022.05.25 17:02:36 Носов Петрушка Евгеньевич выгрузил в pdf разрешение №375 
2022.05.25 17:12:47 Носов Петрушка Евгеньевич выгрузил в pdf разрешение №375 
2022.05.25 17:16:59 Носов Петрушка Евгеньевич выгрузил в pdf разрешение №375 
2022.05.25 17:17:12 Носов Петрушка Евгеньевич выгрузил в pdf разрешение №375 
2022.05.25 17:17:15 Носов Петрушка Евгеньевич выгрузил в pdf разрешение №375 
2022.05.25 17:21:03 Носов Петрушка Евгеньевич выгрузил в pdf разрешение №375 
2022.05.25 17:21:17 Носов Петрушка Евгеньевич выгрузил в pdf разрешение №375 
2022.05.25 17:21:43 Носов Петрушка Евгеньевич выгрузил в pdf разрешение №375 
2022.05.25 17:22:15 Носов Петрушка Евгеньевич изменил статус разрешения № 374 на 'Согласование'
2022.05.25 17:22:17 Носов Петрушка Евгеньевич изменил статус разрешения № 374 на 'Создание'
2022.05.25 17:22:27 Носов Петрушка Евгеньевич создал разрешение №378 
2022.05.25 17:26:32 Носов Петрушка Евгеньевич выгрузил в pdf разрешение №378 
2022.05.25 17:26:44 Носов Петрушка Евгеньевич выгрузил в pdf разрешение №378 
2022.05.25 17:26:58 Носов Петрушка Евгеньевич выгрузил в pdf разрешение №378 
2022.05.25 17:27:36 Носов Петрушка Евгеньевич выгрузил в pdf разрешение №378 
2022.05.25 17:29:01 Носов Петрушка Евгеньевич выгрузил в pdf разрешение №378 
2022.05.25 17:29:45 Носов Петрушка Евгеньевич выгрузил в pdf разрешение №378 
2022.05.25 17:30:50 Носов Петрушка Евгеньевич выгрузил в pdf разрешение №378 
2022.05.25 17:31:00 Носов Петрушка Евгеньевич выгрузил в pdf разрешение №378 
2022.05.25 17:32:58 Носов Петрушка Евгеньевич выгрузил в pdf разрешение №378 
2022.05.25 17:36:27 Носов Петрушка Евгеньевич выгрузил в pdf разрешение №378 
2022.05.25 17:36:38 Носов Петрушка Евгеньевич выгрузил в pdf разрешение №378 
2022.05.25 17:36:58 Носов Петрушка Евгеньевич выгрузил в pdf разрешение №378 
2022.05.25 17:37:39 Носов Петрушка Евгеньевич выгрузил в pdf разрешение №378 
2022.05.25 17:37:54 Носов Петрушка Евгеньевич выгрузил в pdf разрешение №378 
2022.05.25 17:38:25 Носов Петрушка Евгеньевич выгрузил в pdf разрешение №378 
2022.05.25 17:38:38 Носов Петрушка Евгеньевич вышел из системы  
2022.05.25 17:38:50 Дмитрий Чухломин Валерьевич авторизовался в системе  
2022.05.25 17:38:54 Дмитрий Чухломин Валерьевич вышел из системы  
2022.05.25 17:39:00 Иван Иванов Иванович авторизовался в системе  
2022.05.25 17:39:09 Иван Иванов Иванович изменил статус разрешения № 377 на 'Открыто'
2022.05.25 17:39:11 Иван Иванов Иванович вышел из системы  
2022.05.25 17:39:26 Дмитрий Чухломин Валерьевич авторизовался в системе  
2022.05.25 18:11:05 Дмитрий Чухломин Валерьевич вышел из системы  
2022.05.25 18:11:10 Носов Петрушка Евгеньевич авторизовался в системе  
2022.05.25 18:11:15 Носов Петрушка Евгеньевич выгрузил в pdf разрешение №377 
2022.05.25 18:11:44 Носов Петрушка Евгеньевич выгрузил в pdf разрешение №378 
